<?xml version="1.0" encoding="UTF-8"?>
<!-- Generated by org.testng.reporters.JUnitXMLReporter -->
<testsuite hostname="BOLD-MohitSharm" name="API Testing" tests="4" failures="0" timestamp="15 Nov 2017 06:48:27 GMT" time="3.206" errors="0">
  <testcase name="TestCase_001" time="0.757" classname="TestCases.APITestCases"/>
  <testcase name="TestCase_002" time="0.99" classname="TestCases.APITestCases"/>
  <testcase name="TestCase_004" time="0.605" classname="TestCases.APITestCases"/>
  <testcase name="TestCase_003" time="0.844" classname="TestCases.APITestCases"/>
</testsuite> <!-- API Testing -->
