<?xml version="1.0" encoding="UTF-8"?>
<!-- Generated by org.testng.reporters.JUnitXMLReporter -->
<testsuite hostname="BOLD-MohitSharma" name="Default test" tests="4" failures="0" timestamp="26 Oct 2017 07:17:23 GMT" time="3.947" errors="0">
  <testcase name="TestCase_001" time="1.027" classname="TestCases.APITestCases"/>
  <testcase name="TestCase_002" time="0.737" classname="TestCases.APITestCases"/>
  <testcase name="TestCase_004" time="1.316" classname="TestCases.APITestCases"/>
  <testcase name="TestCase_003" time="0.842" classname="TestCases.APITestCases"/>
</testsuite> <!-- Default test -->
