<?xml version="1.0" encoding="UTF-8"?>
<!-- Generated by org.testng.reporters.JUnitXMLReporter -->
<testsuite hostname="BOLD-MohitSharm" ignored="0" name="CMPD Login Test" tests="1" failures="1" timestamp="06 Dec 2017 11:45:59 GMT" time="8.742" errors="0">
  <testcase name="TestCaseID_001" time="5.551" classname="Test_Cases.TestCase">
    <failure type="java.lang.AssertionError" message="null">
      <![CDATA[java.lang.AssertionError: null
	at Test_Cases.TestCase.TestCaseID_001(TestCase.java:18)
	at java.util.concurrent.FutureTask.run(FutureTask.java:266)
	at java.util.concurrent.ThreadPoolExecutor.runWorker(ThreadPoolExecutor.java:1149)
	at java.util.concurrent.ThreadPoolExecutor$Worker.run(ThreadPoolExecutor.java:624)
	at java.lang.Thread.run(Thread.java:748)
... Removed 18 stack frames]]>
    </failure>
  </testcase> <!-- TestCaseID_001 -->
</testsuite> <!-- CMPD Login Test -->
